<?xml version="1.0" encoding="UTF-8"?>
<testsuite xmlns:xsi="http://www.w3.org/2001/XMLSchema-instance" xsi:noNamespaceSchemaLocation="https://maven.apache.org/surefire/maven-surefire-plugin/xsd/surefire-test-report-3.0.xsd" version="3.0" name="com.example.runners.TestRunner" time="2.561" tests="4" errors="1" skipped="0" failures="0">
  <properties>
[...]
</properties>
  <testcase name="Precondition scenario" classname="Title of your feature" time="0.138">
    <system-out><![CDATA[
@Regression @Regression
Scenario: Precondition scenario                  &amp#27;[90m# features/sample.feature:24&amp#27;[0m
  &amp#27;[32mGiven &amp#27;[0m&amp#27;[32mI want to write a step with precondition&amp#27;[0m &amp#27;[90m# com.example.stepdef.SampleSteps.i_want_to_write_a_step_with_precondition()&amp#27;[0m
  &amp#27;[32mAnd &amp#27;[0m&amp#27;[32msome other precondition&amp#27;[0m                    &amp#27;[90m# com.example.stepdef.SampleSteps.some_other_precondition()&amp#27;[0m
  &amp#27;[32mWhen &amp#27;[0m&amp#27;[32mI complete action&amp#27;[0m                         &amp#27;[90m# com.example.stepdef.SampleSteps.i_complete_action()&amp#27;[0m
  &amp#27;[32mAnd &amp#27;[0m&amp#27;[32msome other action&amp#27;[0m                          &amp#27;[90m# com.example.stepdef.SampleSteps.some_other_action()&amp#27;[0m
  &amp#27;[32mAnd &amp#27;[0m&amp#27;[32myet another action&amp#27;[0m                         &amp#27;[90m# com.example.stepdef.SampleSteps.yet_another_action()&amp#27;[0m
  &amp#27;[32mThen &amp#27;[0m&amp#27;[32mI validate the outcomes&amp#27;[0m                   &amp#27;[90m# com.example.stepdef.SampleSteps.i_validate_the_outcomes()&amp#27;[0m
  &amp#27;[32mAnd &amp#27;[0m&amp#27;[32mcheck more outcomes&amp#27;[0m                        &amp#27;[90m# com.example.stepdef.SampleSteps.check_more_outcomes()&amp#27;[0m
]]></system-out>
  </testcase>
  <testcase name="Open Google" classname="Title of your feature" time="1.729">
    <error message="Could not start a new session. Response code 402. Message: Uh oh, you&apos;ve run out of minutes!&#10;Please visit https://saucelabs.com/pricing to purchase a subscription. &#10;Host info: host: &apos;ANUP&apos;, ip: &apos;192.168.1.34&apos;&#10;Build info: version: &apos;4.21.0&apos;, revision: &apos;79ed462ef4&apos;&#10;System info: os.name: &apos;Windows 11&apos;, os.arch: &apos;amd64&apos;, os.version: &apos;10.0&apos;, java.version: &apos;21.0.4&apos;&#10;Driver info: org.openqa.selenium.remote.RemoteWebDriver&#10;Command: [null, newSession {capabilities=[Capabilities {acceptInsecureCerts: true, browserName: firefox, browserVersion: latest, moz:debuggerAddress: true, moz:firefoxOptions: {}, platformName: Windows 11, sauce:options: Capabilities {build: Build_...}]}]&#10;Capabilities {acceptInsecureCerts: true, browserName: firefox, browserVersion: latest, moz:debuggerAddress: true, moz:firefoxOptions: {}, platformName: Windows 11, sauce:options: Capabilities {build: Build_...}" type="org.openqa.selenium.SessionNotCreatedException"><![CDATA[org.openqa.selenium.SessionNotCreatedException: 
Could not start a new session. Response code 402. Message: Uh oh, you've run out of minutes!
Please visit https://saucelabs.com/pricing to purchase a subscription. 
Host info: host: 'ANUP', ip: '192.168.1.34'
Build info: version: '4.21.0', revision: '79ed462ef4'
System info: os.name: 'Windows 11', os.arch: 'amd64', os.version: '10.0', java.version: '21.0.4'
Driver info: org.openqa.selenium.remote.RemoteWebDriver
Command: [null, newSession {capabilities=[Capabilities {acceptInsecureCerts: true, browserName: firefox, browserVersion: latest, moz:debuggerAddress: true, moz:firefoxOptions: {}, platformName: Windows 11, sauce:options: Capabilities {build: Build_...}]}]
Capabilities {acceptInsecureCerts: true, browserName: firefox, browserVersion: latest, moz:debuggerAddress: true, moz:firefoxOptions: {}, platformName: Windows 11, sauce:options: Capabilities {build: Build_...}
	at org.openqa.selenium.remote.ProtocolHandshake.createSession(ProtocolHandshake.java:114)
	at org.openqa.selenium.remote.ProtocolHandshake.createSession(ProtocolHandshake.java:75)
	at org.openqa.selenium.remote.ProtocolHandshake.createSession(ProtocolHandshake.java:61)
	at org.openqa.selenium.remote.HttpCommandExecutor.execute(HttpCommandExecutor.java:162)
	at org.openqa.selenium.remote.TracedCommandExecutor.execute(TracedCommandExecutor.java:51)
	at org.openqa.selenium.remote.RemoteWebDriver.execute(RemoteWebDriver.java:518)
	at org.openqa.selenium.remote.RemoteWebDriver.startSession(RemoteWebDriver.java:232)
	at org.openqa.selenium.remote.RemoteWebDriver.<init>(RemoteWebDriver.java:161)
	at org.openqa.selenium.remote.RemoteWebDriver.<init>(RemoteWebDriver.java:141)
	at com.example.Base.DriverFactory.getDriver(DriverFactory.java:44)
	at com.example.stepdef.SampleSteps.i_open_the_google_homepage(SampleSteps.java:27)
	at ✽.I open the Google homepage(classpath:features/sample.feature:47)
]]></error>
    <system-out><![CDATA[
@Regression @TestSauceLabs @Sanity
Scenario: Open Google              &amp#27;[90m# features/sample.feature:46&amp#27;[0m
  &amp#27;[31mGiven &amp#27;[0m&amp#27;[31mI open the Google homepage&amp#27;[0m &amp#27;[90m# com.example.stepdef.SampleSteps.i_open_the_google_homepage()&amp#27;[0m
      &amp#27;[31morg.openqa.selenium.SessionNotCreatedException: Could not start a new session. Response code 402. Message: Uh oh, you've run out of minutes!
Please visit https://saucelabs.com/pricing to purchase a subscription. 
Host info: host: 'ANUP', ip: '192.168.1.34'
Build info: version: '4.21.0', revision: '79ed462ef4'
System info: os.name: 'Windows 11', os.arch: 'amd64', os.version: '10.0', java.version: '21.0.4'
Driver info: org.openqa.selenium.remote.RemoteWebDriver
Command: [null, newSession {capabilities=[Capabilities {acceptInsecureCerts: true, browserName: firefox, browserVersion: latest, moz:debuggerAddress: true, moz:firefoxOptions: {}, platformName: Windows 11, sauce:options: Capabilities {build: Build_...}]}]
Capabilities {acceptInsecureCerts: true, browserName: firefox, browserVersion: latest, moz:debuggerAddress: true, moz:firefoxOptions: {}, platformName: Windows 11, sauce:options: Capabilities {build: Build_...}
	at org.openqa.selenium.remote.ProtocolHandshake.createSession(ProtocolHandshake.java:114)
	at org.openqa.selenium.remote.ProtocolHandshake.createSession(ProtocolHandshake.java:75)
	at org.openqa.selenium.remote.ProtocolHandshake.createSession(ProtocolHandshake.java:61)
	at org.openqa.selenium.remote.HttpCommandExecutor.execute(HttpCommandExecutor.java:162)
	at org.openqa.selenium.remote.TracedCommandExecutor.execute(TracedCommandExecutor.java:51)
	at org.openqa.selenium.remote.RemoteWebDriver.execute(RemoteWebDriver.java:518)
	at org.openqa.selenium.remote.RemoteWebDriver.startSession(RemoteWebDriver.java:232)
	at org.openqa.selenium.remote.RemoteWebDriver.<init>(RemoteWebDriver.java:161)
	at org.openqa.selenium.remote.RemoteWebDriver.<init>(RemoteWebDriver.java:141)
	at com.example.Base.DriverFactory.getDriver(DriverFactory.java:44)
	at com.example.stepdef.SampleSteps.i_open_the_google_homepage(SampleSteps.java:27)
	at ✽.I open the Google homepage(classpath:features/sample.feature:47)
&amp#27;[0m
]]></system-out>
    <system-err><![CDATA[Oct 19, 2025 12:39:14 PM org.openqa.selenium.remote.tracing.opentelemetry.OpenTelemetryTracer createTracer
INFO: Using OpenTelemetry for tracing
]]></system-err>
  </testcase>
  <testcase name="Example #1.1" classname="Examples" time="0.013">
    <system-out><![CDATA[
@Regression @Regression
Scenario Outline: Title of your scenario outline &amp#27;[90m# features/sample.feature:41&amp#27;[0m
Executing: step with name -> name1
  &amp#27;[32mGiven &amp#27;[0m&amp#27;[32mI want to write a step with &amp#27;[0m&amp#27;[32m&amp#27;[1m"name1"&amp#27;[0m      &amp#27;[90m# com.example.stepdef.SampleSteps.i_want_to_write_a_step_with(java.lang.String)&amp#27;[0m
Executing: check for value -> 8
  &amp#27;[32mWhen &amp#27;[0m&amp#27;[32mI check for the &amp#27;[0m&amp#27;[32m&amp#27;[1m8&amp#27;[0m&amp#27;[32m in step&amp#27;[0m                 &amp#27;[90m# com.example.stepdef.SampleSteps.i_check_for_the_value_in_step(java.lang.Integer)&amp#27;[0m
  &amp#27;[32mThen &amp#27;[0m&amp#27;[32mI verify the &amp#27;[0m&amp#27;[32m&amp#27;[1m"success"&amp#27;[0m&amp#27;[32m in step&amp#27;[0m            &amp#27;[90m# com.example.stepdef.SampleSteps.i_verify_the_status_in_step(java.lang.String)&amp#27;[0m
]]></system-out>
  </testcase>
  <testcase name="Example #1.2" classname="Examples" time="0.006">
    <system-out><![CDATA[
@Regression @Regression
Scenario Outline: Title of your scenario outline &amp#27;[90m# features/sample.feature:42&amp#27;[0m
Executing: step with name -> name2
  &amp#27;[32mGiven &amp#27;[0m&amp#27;[32mI want to write a step with &amp#27;[0m&amp#27;[32m&amp#27;[1m"name2"&amp#27;[0m      &amp#27;[90m# com.example.stepdef.SampleSteps.i_want_to_write_a_step_with(java.lang.String)&amp#27;[0m
Executing: check for value -> 7
  &amp#27;[32mWhen &amp#27;[0m&amp#27;[32mI check for the &amp#27;[0m&amp#27;[32m&amp#27;[1m7&amp#27;[0m&amp#27;[32m in step&amp#27;[0m                 &amp#27;[90m# com.example.stepdef.SampleSteps.i_check_for_the_value_in_step(java.lang.Integer)&amp#27;[0m
  &amp#27;[32mThen &amp#27;[0m&amp#27;[32mI verify the &amp#27;[0m&amp#27;[32m&amp#27;[1m"Fail"&amp#27;[0m&amp#27;[32m in step&amp#27;[0m               &amp#27;[90m# com.example.stepdef.SampleSteps.i_verify_the_status_in_step(java.lang.String)&amp#27;[0m
]]></system-out>
  </testcase>
</testsuite>