<?xml version="1.0" encoding="UTF-8"?>
<testng-results ignored="0" total="2" passed="2" failed="0" skipped="0">
  <reporter-output>
  </reporter-output>
  <suite started-at="2025-10-19T16:32:18 IST" name="GridSuite" finished-at="2025-10-19T16:34:33 IST" duration-ms="135541">
    <groups>
    </groups>
    <test started-at="2025-10-19T16:32:18 IST" name="ChromeTest" finished-at="2025-10-19T16:34:31 IST" duration-ms="133487">
      <class name="com.example.test.GridTest">
        <test-method is-config="true" signature="setup(java.lang.String)[pri:0, instance:com.example.test.GridTest@b3ca52e]" started-at="2025-10-19T16:32:18 IST" name="setup" finished-at="2025-10-19T16:32:19 IST" duration-ms="1357" status="PASS">
          <params>
            <param index="0">
              <value>
                <![CDATA[chrome]]>
              </value>
            </param>
          </params>
          <reporter-output>
          </reporter-output>
        </test-method> <!-- setup -->
        <test-method signature="openGoogleTest()[pri:0, instance:com.example.test.GridTest@b3ca52e]" started-at="2025-10-19T16:32:19 IST" name="openGoogleTest" finished-at="2025-10-19T16:34:31 IST" duration-ms="131944" status="PASS">
          <reporter-output>
          </reporter-output>
        </test-method> <!-- openGoogleTest -->
        <test-method is-config="true" signature="tearDown()[pri:0, instance:com.example.test.GridTest@b3ca52e]" started-at="2025-10-19T16:34:31 IST" name="tearDown" finished-at="2025-10-19T16:34:31 IST" duration-ms="131" status="PASS">
          <reporter-output>
          </reporter-output>
        </test-method> <!-- tearDown -->
      </class> <!-- com.example.test.GridTest -->
    </test> <!-- ChromeTest -->
    <test started-at="2025-10-19T16:32:18 IST" name="FirefoxTest" finished-at="2025-10-19T16:34:33 IST" duration-ms="135541">
      <class name="com.example.test.GridTest">
        <test-method is-config="true" signature="setup(java.lang.String)[pri:0, instance:com.example.test.GridTest@6a2f6f80]" started-at="2025-10-19T16:32:18 IST" name="setup" finished-at="2025-10-19T16:32:21 IST" duration-ms="3573" status="PASS">
          <params>
            <param index="0">
              <value>
                <![CDATA[firefox]]>
              </value>
            </param>
          </params>
          <reporter-output>
          </reporter-output>
        </test-method> <!-- setup -->
        <test-method signature="openGoogleTest()[pri:0, instance:com.example.test.GridTest@6a2f6f80]" started-at="2025-10-19T16:32:21 IST" name="openGoogleTest" finished-at="2025-10-19T16:34:33 IST" duration-ms="131601" status="PASS">
          <reporter-output>
          </reporter-output>
        </test-method> <!-- openGoogleTest -->
        <test-method is-config="true" signature="tearDown()[pri:0, instance:com.example.test.GridTest@6a2f6f80]" started-at="2025-10-19T16:34:33 IST" name="tearDown" finished-at="2025-10-19T16:34:33 IST" duration-ms="333" status="PASS">
          <reporter-output>
          </reporter-output>
        </test-method> <!-- tearDown -->
      </class> <!-- com.example.test.GridTest -->
    </test> <!-- FirefoxTest -->
  </suite> <!-- GridSuite -->
</testng-results>
